Current generation 19
Finished merging generation 19
Current generation 18
Finished merging generation 18
Current generation 17
Finished merging generation 17
Current generation 16
Finished merging generation 16
Current generation 15
Finished merging generation 15
Current generation 14
Finished merging generation 14
Current generation 13
Finished merging generation 13
Current generation 12
Finished merging generation 12
Current generation 11
Finished merging generation 11
Current generation 10
Finished merging generation 10
Current generation 9
Finished merging generation 9
Current generation 8
Finished merging generation 8
Current generation 7
Finished merging generation 7
Current generation 6
Finished merging generation 6
Current generation 5
Finished merging generation 5
Current generation 4
Finished merging generation 4
Current generation 3
Finished merging generation 3
Current generation 2
Finished merging generation 2
Current generation 1
Finished merging generation 1
Current generation 0
Finished merging generation 0
Filter out low frequency clusters whose size is below 1
12043
Starting to dump the result to control_exp
Running bartender_combiner
