Current generation 36
Finished merging generation 36
Current generation 35
Finished merging generation 35
Current generation 34
Finished merging generation 34
Current generation 33
Finished merging generation 33
Current generation 32
Finished merging generation 32
Current generation 31
Finished merging generation 31
Current generation 30
Finished merging generation 30
Current generation 29
Finished merging generation 29
Current generation 28
Finished merging generation 28
Current generation 27
Finished merging generation 27
Current generation 26
Finished merging generation 26
Current generation 25
Finished merging generation 25
Current generation 24
Finished merging generation 24
Current generation 23
Finished merging generation 23
Current generation 22
Finished merging generation 22
Current generation 21
Finished merging generation 21
Current generation 20
Finished merging generation 20
Current generation 19
Finished merging generation 19
Current generation 18
Finished merging generation 18
Current generation 17
Finished merging generation 17
Current generation 16
Finished merging generation 16
Current generation 15
Finished merging generation 15
Current generation 14
Finished merging generation 14
Current generation 13
Finished merging generation 13
Current generation 12
Finished merging generation 12
Current generation 11
Finished merging generation 11
Current generation 10
Finished merging generation 10
Current generation 9
Finished merging generation 9
Current generation 8
Finished merging generation 8
Current generation 7
Finished merging generation 7
Current generation 6
Finished merging generation 6
Current generation 5
Finished merging generation 5
Current generation 4
Finished merging generation 4
Current generation 3
Finished merging generation 3
Current generation 2
Finished merging generation 2
Current generation 1
Finished merging generation 1
Current generation 0
Finished merging generation 0
Filter out low frequency clusters whose size is below 1
14947
Starting to dump the result to oe_gm17_ov744
Running bartender_combiner
