Loading barcodes from the file
It takes 00:00:01 to load the barcodes from 001_R1_001.extract_barcode.txt
Shortest barcode length: 20
Longest barcode length: 20
Start to group barcode with length 20
Using two sample unpooled test
Transforming the barcodes into seed clusters
Initial number of unique reads:  27915
The distance threshold is 2
Clustering iteration 1
Clustering iteration 2
Clustering iteration 3
Clustering iteration 4
Identified 4538 barcodes with length 20
The clustering process takes 00:00:00
Start to dump clusters to file with prefix 001_R1_001.extract.cluster
Start to remove pcr effects
***(Overall error rate estimated from the clustering result)***
Total number of clusters after removing PCR effects: 4538
Could not collect enough barcodes from high quality clusters(max entropy < 0.33, cluster size >= 20 ) to estimate the error rate!
The estimated error rate might not be accurate and reliable!
The estimated error rate is 0.00207511
The overall running time 00:00:06 seconds.
Running bartender


Loading barcodes from the file
It takes 00:00:01 to load the barcodes from 002_R1_001.extract_barcode.txt
Shortest barcode length: 20
Longest barcode length: 20
Start to group barcode with length 20
Using two sample unpooled test
Transforming the barcodes into seed clusters
Initial number of unique reads:  22856
The distance threshold is 2
Clustering iteration 1
Clustering iteration 2
Clustering iteration 3
Clustering iteration 4
Identified 3348 barcodes with length 20
The clustering process takes 00:00:00
Start to dump clusters to file with prefix 002_R1_001.extract.cluster
Start to remove pcr effects
***(Overall error rate estimated from the clustering result)***
Total number of clusters after removing PCR effects: 3348
Could not collect enough barcodes from high quality clusters(max entropy < 0.33, cluster size >= 20 ) to estimate the error rate!
The estimated error rate might not be accurate and reliable!
The estimated error rate is 0.00157133
The overall running time 00:00:05 seconds.
Running bartender


Loading barcodes from the file
It takes 00:00:02 to load the barcodes from 003_R1_001.extract_barcode.txt
Shortest barcode length: 20
Longest barcode length: 20
Start to group barcode with length 20
Using two sample unpooled test
Transforming the barcodes into seed clusters
Initial number of unique reads:  63852
The distance threshold is 2
Clustering iteration 1
Clustering iteration 2
Clustering iteration 3
Clustering iteration 4
Identified 10000 barcodes with length 20
The clustering process takes 00:00:01
Start to dump clusters to file with prefix 003_R1_001.extract.cluster
Start to remove pcr effects
***(Overall error rate estimated from the clustering result)***
Total number of clusters after removing PCR effects: 10000
The estimated error rate is 0.00146904
The overall running time 00:00:14 seconds.
Running bartender


Loading barcodes from the file
It takes 00:00:00 to load the barcodes from 004_R1_001.extract_barcode.txt
Shortest barcode length: 20
Longest barcode length: 20
Start to group barcode with length 20
Using two sample unpooled test
Transforming the barcodes into seed clusters
Initial number of unique reads:  32546
The distance threshold is 2
Clustering iteration 1
Clustering iteration 2
Clustering iteration 3
Clustering iteration 4
Identified 7601 barcodes with length 20
The clustering process takes 00:00:00
Start to dump clusters to file with prefix 004_R1_001.extract.cluster
Start to remove pcr effects
***(Overall error rate estimated from the clustering result)***
Total number of clusters after removing PCR effects: 7601
Could not collect enough barcodes from high quality clusters(max entropy < 0.33, cluster size >= 20 ) to estimate the error rate!
The estimated error rate might not be accurate and reliable!
The estimated error rate is 0.00444628
The overall running time 00:00:06 seconds.
Running bartender


Loading barcodes from the file
It takes 00:00:00 to load the barcodes from 005_R1_001.extract_barcode.txt
Shortest barcode length: 20
Longest barcode length: 20
Start to group barcode with length 20
Using two sample unpooled test
Transforming the barcodes into seed clusters
Initial number of unique reads:  13623
The distance threshold is 2
Clustering iteration 1
Clustering iteration 2
Clustering iteration 3
Clustering iteration 4
Identified 2987 barcodes with length 20
The clustering process takes 00:00:00
Start to dump clusters to file with prefix 005_R1_001.extract.cluster
Start to remove pcr effects
***(Overall error rate estimated from the clustering result)***
Total number of clusters after removing PCR effects: 2987
Could not collect enough barcodes from high quality clusters(max entropy < 0.33, cluster size >= 20 ) to estimate the error rate!
The estimated error rate might not be accurate and reliable!
The estimated error rate is 0.0013823
The overall running time 00:00:03 seconds.
Running bartender


Loading barcodes from the file
It takes 00:00:02 to load the barcodes from 006_R1_001.extract_barcode.txt
Shortest barcode length: 20
Longest barcode length: 20
Start to group barcode with length 20
Using two sample unpooled test
Transforming the barcodes into seed clusters
Initial number of unique reads:  50689
The distance threshold is 2
Clustering iteration 1
Clustering iteration 2
Clustering iteration 3
Clustering iteration 4
Identified 9789 barcodes with length 20
The clustering process takes 00:00:00
Start to dump clusters to file with prefix 006_R1_001.extract.cluster
Start to remove pcr effects
***(Overall error rate estimated from the clustering result)***
Total number of clusters after removing PCR effects: 9789
The estimated error rate is 0.00190154
The overall running time 00:00:11 seconds.
Running bartender


Loading barcodes from the file
It takes 00:00:01 to load the barcodes from 007_R1_001.extract_barcode.txt
Shortest barcode length: 20
Longest barcode length: 20
Start to group barcode with length 20
Using two sample unpooled test
Transforming the barcodes into seed clusters
Initial number of unique reads:  42595
The distance threshold is 2
Clustering iteration 1
Clustering iteration 2
Clustering iteration 3
Clustering iteration 4
Identified 5569 barcodes with length 20
The clustering process takes 00:00:00
Start to dump clusters to file with prefix 007_R1_001.extract.cluster
Start to remove pcr effects
***(Overall error rate estimated from the clustering result)***
Total number of clusters after removing PCR effects: 5569
The estimated error rate is 0.00203067
The overall running time 00:00:09 seconds.
Running bartender


Loading barcodes from the file
It takes 00:00:02 to load the barcodes from 008_R1_001.extract_barcode.txt
Shortest barcode length: 20
Longest barcode length: 20
Start to group barcode with length 20
Using two sample unpooled test
Transforming the barcodes into seed clusters
Initial number of unique reads:  37010
The distance threshold is 2
Clustering iteration 1
Clustering iteration 2
Clustering iteration 3
Clustering iteration 4
Identified 6146 barcodes with length 20
The clustering process takes 00:00:00
Start to dump clusters to file with prefix 008_R1_001.extract.cluster
Start to remove pcr effects
***(Overall error rate estimated from the clustering result)***
Total number of clusters after removing PCR effects: 6146
The estimated error rate is 0.00144054
The overall running time 00:00:09 seconds.
Running bartender


Loading barcodes from the file
It takes 00:00:00 to load the barcodes from 009_R1_001.extract_barcode.txt
Shortest barcode length: 20
Longest barcode length: 20
Start to group barcode with length 20
Using two sample unpooled test
Transforming the barcodes into seed clusters
Initial number of unique reads:  14649
The distance threshold is 2
Clustering iteration 1
Clustering iteration 2
Clustering iteration 3
Clustering iteration 4
Identified 2864 barcodes with length 20
The clustering process takes 00:00:00
Start to dump clusters to file with prefix 009_R1_001.extract.cluster
Start to remove pcr effects
***(Overall error rate estimated from the clustering result)***
Total number of clusters after removing PCR effects: 2864
Could not collect enough barcodes from high quality clusters(max entropy < 0.33, cluster size >= 20 ) to estimate the error rate!
The estimated error rate might not be accurate and reliable!
The estimated error rate is 0.00128508
The overall running time 00:00:03 seconds.
Running bartender


Loading barcodes from the file
It takes 00:00:01 to load the barcodes from 010_R1_001.extract_barcode.txt
Shortest barcode length: 20
Longest barcode length: 20
Start to group barcode with length 20
Using two sample unpooled test
Transforming the barcodes into seed clusters
Initial number of unique reads:  23835
The distance threshold is 2
Clustering iteration 1
Clustering iteration 2
Clustering iteration 3
Clustering iteration 4
Identified 4198 barcodes with length 20
The clustering process takes 00:00:00
Start to dump clusters to file with prefix 010_R1_001.extract.cluster
Start to remove pcr effects
***(Overall error rate estimated from the clustering result)***
Total number of clusters after removing PCR effects: 4198
Could not collect enough barcodes from high quality clusters(max entropy < 0.33, cluster size >= 20 ) to estimate the error rate!
The estimated error rate might not be accurate and reliable!
The estimated error rate is 0.00149783
The overall running time 00:00:05 seconds.
Running bartender


Loading barcodes from the file
It takes 00:00:00 to load the barcodes from 011_R1_001.extract_barcode.txt
Shortest barcode length: 20
Longest barcode length: 20
Start to group barcode with length 20
Using two sample unpooled test
Transforming the barcodes into seed clusters
Initial number of unique reads:  11394
The distance threshold is 2
Clustering iteration 1
Clustering iteration 2
Clustering iteration 3
Clustering iteration 4
Identified 1698 barcodes with length 20
The clustering process takes 00:00:00
Start to dump clusters to file with prefix 011_R1_001.extract.cluster
Start to remove pcr effects
***(Overall error rate estimated from the clustering result)***
Total number of clusters after removing PCR effects: 1698
Could not collect enough barcodes from high quality clusters(max entropy < 0.33, cluster size >= 20 ) to estimate the error rate!
The estimated error rate might not be accurate and reliable!
The estimated error rate is 0.0015131
The overall running time 00:00:03 seconds.
Running bartender


Loading barcodes from the file
It takes 00:00:00 to load the barcodes from 012_R1_001.extract_barcode.txt
Shortest barcode length: 20
Longest barcode length: 20
Start to group barcode with length 20
Using two sample unpooled test
Transforming the barcodes into seed clusters
Initial number of unique reads:  17023
The distance threshold is 2
Clustering iteration 1
Clustering iteration 2
Clustering iteration 3
Clustering iteration 4
Identified 2586 barcodes with length 20
The clustering process takes 00:00:00
Start to dump clusters to file with prefix 012_R1_001.extract.cluster
Start to remove pcr effects
***(Overall error rate estimated from the clustering result)***
Total number of clusters after removing PCR effects: 2586
Could not collect enough barcodes from high quality clusters(max entropy < 0.33, cluster size >= 20 ) to estimate the error rate!
The estimated error rate might not be accurate and reliable!
The estimated error rate is 0.00340842
The overall running time 00:00:03 seconds.
Running bartender


Loading barcodes from the file
It takes 00:00:00 to load the barcodes from 013_R1_001.extract_barcode.txt
Shortest barcode length: 20
Longest barcode length: 20
Start to group barcode with length 20
Using two sample unpooled test
Transforming the barcodes into seed clusters
Initial number of unique reads:  9007
The distance threshold is 2
Clustering iteration 1
Clustering iteration 2
Clustering iteration 3
Clustering iteration 4
Identified 1593 barcodes with length 20
The clustering process takes 00:00:00
Start to dump clusters to file with prefix 013_R1_001.extract.cluster
Start to remove pcr effects
***(Overall error rate estimated from the clustering result)***
Total number of clusters after removing PCR effects: 1593
Could not collect enough barcodes from high quality clusters(max entropy < 0.33, cluster size >= 20 ) to estimate the error rate!
The estimated error rate might not be accurate and reliable!
The estimated error rate is 0.00120039
The overall running time 00:00:02 seconds.
Running bartender


Loading barcodes from the file
It takes 00:00:00 to load the barcodes from 014_R1_001.extract_barcode.txt
Shortest barcode length: 20
Longest barcode length: 20
Start to group barcode with length 20
Using two sample unpooled test
Transforming the barcodes into seed clusters
Initial number of unique reads:  5782
The distance threshold is 2
Clustering iteration 1
Clustering iteration 2
Clustering iteration 3
Clustering iteration 4
Identified 1039 barcodes with length 20
The clustering process takes 00:00:00
Start to dump clusters to file with prefix 014_R1_001.extract.cluster
Start to remove pcr effects
***(Overall error rate estimated from the clustering result)***
Total number of clusters after removing PCR effects: 1039
Could not collect enough barcodes from high quality clusters(max entropy < 0.33, cluster size >= 20 ) to estimate the error rate!
The estimated error rate might not be accurate and reliable!
The estimated error rate is 0.00119179
The overall running time 00:00:01 seconds.
Running bartender


Loading barcodes from the file
It takes 00:00:01 to load the barcodes from 015_R1_001.extract_barcode.txt
Shortest barcode length: 20
Longest barcode length: 20
Start to group barcode with length 20
Using two sample unpooled test
Transforming the barcodes into seed clusters
Initial number of unique reads:  22771
The distance threshold is 2
Clustering iteration 1
Clustering iteration 2
Clustering iteration 3
Clustering iteration 4
Identified 3727 barcodes with length 20
The clustering process takes 00:00:01
Start to dump clusters to file with prefix 015_R1_001.extract.cluster
Start to remove pcr effects
***(Overall error rate estimated from the clustering result)***
Total number of clusters after removing PCR effects: 3727
Could not collect enough barcodes from high quality clusters(max entropy < 0.33, cluster size >= 20 ) to estimate the error rate!
The estimated error rate might not be accurate and reliable!
The estimated error rate is 0.00125494
The overall running time 00:00:06 seconds.
Running bartender


Loading barcodes from the file
It takes 00:00:00 to load the barcodes from 016_R1_001.extract_barcode.txt
Shortest barcode length: 20
Longest barcode length: 20
Start to group barcode with length 20
Using two sample unpooled test
Transforming the barcodes into seed clusters
Initial number of unique reads:  6593
The distance threshold is 2
Clustering iteration 1
Clustering iteration 2
Clustering iteration 3
Clustering iteration 4
Identified 1080 barcodes with length 20
The clustering process takes 00:00:00
Start to dump clusters to file with prefix 016_R1_001.extract.cluster
Start to remove pcr effects
***(Overall error rate estimated from the clustering result)***
Total number of clusters after removing PCR effects: 1080
Could not collect enough barcodes from high quality clusters(max entropy < 0.33, cluster size >= 20 ) to estimate the error rate!
The estimated error rate might not be accurate and reliable!
The estimated error rate is 0.00122506
The overall running time 00:00:01 seconds.
Running bartender


Loading barcodes from the file
It takes 00:00:01 to load the barcodes from 017_R1_001.extract_barcode.txt
Shortest barcode length: 20
Longest barcode length: 20
Start to group barcode with length 20
Using two sample unpooled test
Transforming the barcodes into seed clusters
Initial number of unique reads:  11160
The distance threshold is 2
Clustering iteration 1
Clustering iteration 2
Clustering iteration 3
Clustering iteration 4
Identified 1917 barcodes with length 20
The clustering process takes 00:00:00
Start to dump clusters to file with prefix 017_R1_001.extract.cluster
Start to remove pcr effects
***(Overall error rate estimated from the clustering result)***
Total number of clusters after removing PCR effects: 1917
Could not collect enough barcodes from high quality clusters(max entropy < 0.33, cluster size >= 20 ) to estimate the error rate!
The estimated error rate might not be accurate and reliable!
The estimated error rate is 0.00121106
The overall running time 00:00:03 seconds.
Running bartender


Loading barcodes from the file
It takes 00:00:01 to load the barcodes from 018_R1_001.extract_barcode.txt
Shortest barcode length: 20
Longest barcode length: 20
Start to group barcode with length 20
Using two sample unpooled test
Transforming the barcodes into seed clusters
Initial number of unique reads:  22266
The distance threshold is 2
Clustering iteration 1
Clustering iteration 2
Clustering iteration 3
Clustering iteration 4
Identified 5578 barcodes with length 20
The clustering process takes 00:00:00
Start to dump clusters to file with prefix 018_R1_001.extract.cluster
Start to remove pcr effects
***(Overall error rate estimated from the clustering result)***
Total number of clusters after removing PCR effects: 5578
Could not collect enough barcodes from high quality clusters(max entropy < 0.33, cluster size >= 20 ) to estimate the error rate!
The estimated error rate might not be accurate and reliable!
The estimated error rate is 0.00131519
The overall running time 00:00:05 seconds.
Running bartender


Loading barcodes from the file
It takes 00:00:00 to load the barcodes from 019_R1_001.extract_barcode.txt
Shortest barcode length: 20
Longest barcode length: 20
Start to group barcode with length 20
Using two sample unpooled test
Transforming the barcodes into seed clusters
Initial number of unique reads:  11569
The distance threshold is 2
Clustering iteration 1
Clustering iteration 2
Clustering iteration 3
Clustering iteration 4
Identified 2134 barcodes with length 20
The clustering process takes 00:00:00
Start to dump clusters to file with prefix 019_R1_001.extract.cluster
Start to remove pcr effects
***(Overall error rate estimated from the clustering result)***
Total number of clusters after removing PCR effects: 2134
Could not collect enough barcodes from high quality clusters(max entropy < 0.33, cluster size >= 20 ) to estimate the error rate!
The estimated error rate might not be accurate and reliable!
The estimated error rate is 0.00125229
The overall running time 00:00:02 seconds.
Running bartender


Loading barcodes from the file
It takes 00:00:02 to load the barcodes from 020_R1_001.extract_barcode.txt
Shortest barcode length: 20
Longest barcode length: 20
Start to group barcode with length 20
Using two sample unpooled test
Transforming the barcodes into seed clusters
Initial number of unique reads:  33611
The distance threshold is 2
Clustering iteration 1
Clustering iteration 2
Clustering iteration 3
Clustering iteration 4
Identified 4309 barcodes with length 20
The clustering process takes 00:00:00
Start to dump clusters to file with prefix 020_R1_001.extract.cluster
Start to remove pcr effects
***(Overall error rate estimated from the clustering result)***
Total number of clusters after removing PCR effects: 4309
The estimated error rate is 0.00138089
The overall running time 00:00:08 seconds.
Running bartender


Loading barcodes from the file
It takes 00:00:00 to load the barcodes from 021_R1_001.extract_barcode.txt
Shortest barcode length: 20
Longest barcode length: 20
Start to group barcode with length 20
Using two sample unpooled test
Transforming the barcodes into seed clusters
Initial number of unique reads:  14878
The distance threshold is 2
Clustering iteration 1
Clustering iteration 2
Clustering iteration 3
Clustering iteration 4
Identified 2757 barcodes with length 20
The clustering process takes 00:00:00
Start to dump clusters to file with prefix 021_R1_001.extract.cluster
Start to remove pcr effects
***(Overall error rate estimated from the clustering result)***
Total number of clusters after removing PCR effects: 2757
Could not collect enough barcodes from high quality clusters(max entropy < 0.33, cluster size >= 20 ) to estimate the error rate!
The estimated error rate might not be accurate and reliable!
The estimated error rate is 0.00125423
The overall running time 00:00:03 seconds.
Running bartender


Loading barcodes from the file
It takes 00:00:01 to load the barcodes from 022_R1_001.extract_barcode.txt
Shortest barcode length: 20
Longest barcode length: 20
Start to group barcode with length 20
Using two sample unpooled test
Transforming the barcodes into seed clusters
Initial number of unique reads:  20985
The distance threshold is 2
Clustering iteration 1
Clustering iteration 2
Clustering iteration 3
Clustering iteration 4
Identified 2633 barcodes with length 20
The clustering process takes 00:00:00
Start to dump clusters to file with prefix 022_R1_001.extract.cluster
Start to remove pcr effects
***(Overall error rate estimated from the clustering result)***
Total number of clusters after removing PCR effects: 2633
Could not collect enough barcodes from high quality clusters(max entropy < 0.33, cluster size >= 20 ) to estimate the error rate!
The estimated error rate might not be accurate and reliable!
The estimated error rate is 0.00128017
The overall running time 00:00:05 seconds.
Running bartender


Loading barcodes from the file
It takes 00:00:00 to load the barcodes from 023_R1_001.extract_barcode.txt
Shortest barcode length: 20
Longest barcode length: 20
Start to group barcode with length 20
Using two sample unpooled test
Transforming the barcodes into seed clusters
Initial number of unique reads:  9956
The distance threshold is 2
Clustering iteration 1
Clustering iteration 2
Clustering iteration 3
Clustering iteration 4
Identified 1701 barcodes with length 20
The clustering process takes 00:00:00
Start to dump clusters to file with prefix 023_R1_001.extract.cluster
Start to remove pcr effects
***(Overall error rate estimated from the clustering result)***
Total number of clusters after removing PCR effects: 1701
Could not collect enough barcodes from high quality clusters(max entropy < 0.33, cluster size >= 20 ) to estimate the error rate!
The estimated error rate might not be accurate and reliable!
The estimated error rate is 0.00123151
The overall running time 00:00:02 seconds.
Running bartender


Loading barcodes from the file
It takes 00:00:01 to load the barcodes from 024_R1_001.extract_barcode.txt
Shortest barcode length: 20
Longest barcode length: 20
Start to group barcode with length 20
Using two sample unpooled test
Transforming the barcodes into seed clusters
Initial number of unique reads:  25039
The distance threshold is 2
Clustering iteration 1
Clustering iteration 2
Clustering iteration 3
Clustering iteration 4
Identified 3473 barcodes with length 20
The clustering process takes 00:00:00
Start to dump clusters to file with prefix 024_R1_001.extract.cluster
Start to remove pcr effects
***(Overall error rate estimated from the clustering result)***
Total number of clusters after removing PCR effects: 3473
The estimated error rate is 0.00128544
The overall running time 00:00:05 seconds.
Running bartender


Loading barcodes from the file
It takes 00:00:01 to load the barcodes from 025_R1_001.extract_barcode.txt
Shortest barcode length: 20
Longest barcode length: 20
Start to group barcode with length 20
Using two sample unpooled test
Transforming the barcodes into seed clusters
Initial number of unique reads:  6697
The distance threshold is 2
Clustering iteration 1
Clustering iteration 2
Clustering iteration 3
Clustering iteration 4
Identified 1564 barcodes with length 20
The clustering process takes 00:00:00
Start to dump clusters to file with prefix 025_R1_001.extract.cluster
Start to remove pcr effects
***(Overall error rate estimated from the clustering result)***
Total number of clusters after removing PCR effects: 1564
Could not collect enough barcodes from high quality clusters(max entropy < 0.33, cluster size >= 20 ) to estimate the error rate!
The estimated error rate might not be accurate and reliable!
The estimated error rate is 0.00119539
The overall running time 00:00:02 seconds.
Running bartender


Loading barcodes from the file
It takes 00:00:01 to load the barcodes from 026_R1_001.extract_barcode.txt
Shortest barcode length: 20
Longest barcode length: 20
Start to group barcode with length 20
Using two sample unpooled test
Transforming the barcodes into seed clusters
Initial number of unique reads:  17630
The distance threshold is 2
Clustering iteration 1
Clustering iteration 2
Clustering iteration 3
Clustering iteration 4
Identified 3286 barcodes with length 20
The clustering process takes 00:00:00
Start to dump clusters to file with prefix 026_R1_001.extract.cluster
Start to remove pcr effects
***(Overall error rate estimated from the clustering result)***
Total number of clusters after removing PCR effects: 3286
The estimated error rate is 0.00127911
The overall running time 00:00:05 seconds.
Running bartender


Loading barcodes from the file
It takes 00:00:01 to load the barcodes from 027_R1_001.extract_barcode.txt
Shortest barcode length: 20
Longest barcode length: 20
Start to group barcode with length 20
Using two sample unpooled test
Transforming the barcodes into seed clusters
Initial number of unique reads:  23672
The distance threshold is 2
Clustering iteration 1
Clustering iteration 2
Clustering iteration 3
Clustering iteration 4
Identified 4661 barcodes with length 20
The clustering process takes 00:00:00
Start to dump clusters to file with prefix 027_R1_001.extract.cluster
Start to remove pcr effects
***(Overall error rate estimated from the clustering result)***
Total number of clusters after removing PCR effects: 4661
Could not collect enough barcodes from high quality clusters(max entropy < 0.33, cluster size >= 20 ) to estimate the error rate!
The estimated error rate might not be accurate and reliable!
The estimated error rate is 0.00126221
The overall running time 00:00:05 seconds.
Running bartender


Loading barcodes from the file
It takes 00:00:01 to load the barcodes from 028_R1_001.extract_barcode.txt
Shortest barcode length: 20
Longest barcode length: 20
Start to group barcode with length 20
Using two sample unpooled test
Transforming the barcodes into seed clusters
Initial number of unique reads:  13428
The distance threshold is 2
Clustering iteration 1
Clustering iteration 2
Clustering iteration 3
Clustering iteration 4
Identified 3024 barcodes with length 20
The clustering process takes 00:00:00
Start to dump clusters to file with prefix 028_R1_001.extract.cluster
Start to remove pcr effects
***(Overall error rate estimated from the clustering result)***
Total number of clusters after removing PCR effects: 3024
Could not collect enough barcodes from high quality clusters(max entropy < 0.33, cluster size >= 20 ) to estimate the error rate!
The estimated error rate might not be accurate and reliable!
The estimated error rate is 0.00124815
The overall running time 00:00:03 seconds.
Running bartender


Loading barcodes from the file
It takes 00:00:01 to load the barcodes from 029_R1_001.extract_barcode.txt
Shortest barcode length: 20
Longest barcode length: 20
Start to group barcode with length 20
Using two sample unpooled test
Transforming the barcodes into seed clusters
Initial number of unique reads:  35475
The distance threshold is 2
Clustering iteration 1
Clustering iteration 2
Clustering iteration 3
Clustering iteration 4
Identified 7982 barcodes with length 20
The clustering process takes 00:00:01
Start to dump clusters to file with prefix 029_R1_001.extract.cluster
Start to remove pcr effects
***(Overall error rate estimated from the clustering result)***
Total number of clusters after removing PCR effects: 7982
The estimated error rate is 0.00133824
The overall running time 00:00:08 seconds.
Running bartender


Loading barcodes from the file
It takes 00:00:02 to load the barcodes from 030_R1_001.extract_barcode.txt
Shortest barcode length: 20
Longest barcode length: 20
Start to group barcode with length 20
Using two sample unpooled test
Transforming the barcodes into seed clusters
Initial number of unique reads:  53707
The distance threshold is 2
Clustering iteration 1
Clustering iteration 2
Clustering iteration 3
Clustering iteration 4
Identified 9612 barcodes with length 20
The clustering process takes 00:00:00
Start to dump clusters to file with prefix 030_R1_001.extract.cluster
Start to remove pcr effects
***(Overall error rate estimated from the clustering result)***
Total number of clusters after removing PCR effects: 9612
The estimated error rate is 0.00136079
The overall running time 00:00:12 seconds.
Running bartender


Loading barcodes from the file
It takes 00:00:01 to load the barcodes from 031_R1_001.extract_barcode.txt
Shortest barcode length: 20
Longest barcode length: 20
Start to group barcode with length 20
Using two sample unpooled test
Transforming the barcodes into seed clusters
Initial number of unique reads:  23437
The distance threshold is 2
Clustering iteration 1
Clustering iteration 2
Clustering iteration 3
Clustering iteration 4
Identified 4950 barcodes with length 20
The clustering process takes 00:00:00
Start to dump clusters to file with prefix 031_R1_001.extract.cluster
Start to remove pcr effects
***(Overall error rate estimated from the clustering result)***
Total number of clusters after removing PCR effects: 4950
Could not collect enough barcodes from high quality clusters(max entropy < 0.33, cluster size >= 20 ) to estimate the error rate!
The estimated error rate might not be accurate and reliable!
The estimated error rate is 0.00126882
The overall running time 00:00:05 seconds.
Running bartender


Loading barcodes from the file
It takes 00:00:02 to load the barcodes from 032_R1_001.extract_barcode.txt
Shortest barcode length: 20
Longest barcode length: 20
Start to group barcode with length 20
Using two sample unpooled test
Transforming the barcodes into seed clusters
Initial number of unique reads:  37484
The distance threshold is 2
Clustering iteration 1
Clustering iteration 2
Clustering iteration 3
Clustering iteration 4
Identified 6363 barcodes with length 20
The clustering process takes 00:00:00
Start to dump clusters to file with prefix 032_R1_001.extract.cluster
Start to remove pcr effects
***(Overall error rate estimated from the clustering result)***
Total number of clusters after removing PCR effects: 6363
The estimated error rate is 0.00131649
The overall running time 00:00:09 seconds.
Running bartender


Loading barcodes from the file
It takes 00:00:01 to load the barcodes from 033_R1_001.extract_barcode.txt
Shortest barcode length: 20
Longest barcode length: 20
Start to group barcode with length 20
Using two sample unpooled test
Transforming the barcodes into seed clusters
Initial number of unique reads:  23993
The distance threshold is 2
Clustering iteration 1
Clustering iteration 2
Clustering iteration 3
Clustering iteration 4
Identified 3701 barcodes with length 20
The clustering process takes 00:00:00
Start to dump clusters to file with prefix 033_R1_001.extract.cluster
Start to remove pcr effects
***(Overall error rate estimated from the clustering result)***
Total number of clusters after removing PCR effects: 3701
Could not collect enough barcodes from high quality clusters(max entropy < 0.33, cluster size >= 20 ) to estimate the error rate!
The estimated error rate might not be accurate and reliable!
The estimated error rate is 0.00125649
The overall running time 00:00:05 seconds.
Running bartender


Loading barcodes from the file
It takes 00:00:02 to load the barcodes from 034_R1_001.extract_barcode.txt
Shortest barcode length: 20
Longest barcode length: 20
Start to group barcode with length 20
Using two sample unpooled test
Transforming the barcodes into seed clusters
Initial number of unique reads:  22810
The distance threshold is 2
Clustering iteration 1
Clustering iteration 2
Clustering iteration 3
Clustering iteration 4
Identified 3821 barcodes with length 20
The clustering process takes 00:00:00
Start to dump clusters to file with prefix 034_R1_001.extract.cluster
Start to remove pcr effects
***(Overall error rate estimated from the clustering result)***
Total number of clusters after removing PCR effects: 3821
The estimated error rate is 0.00130272
The overall running time 00:00:07 seconds.
Running bartender


Loading barcodes from the file
It takes 00:00:01 to load the barcodes from 035_R1_001.extract_barcode.txt
Shortest barcode length: 20
Longest barcode length: 20
Start to group barcode with length 20
Using two sample unpooled test
Transforming the barcodes into seed clusters
Initial number of unique reads:  27157
The distance threshold is 2
Clustering iteration 1
Clustering iteration 2
Clustering iteration 3
Clustering iteration 4
Identified 5846 barcodes with length 20
The clustering process takes 00:00:00
Start to dump clusters to file with prefix 035_R1_001.extract.cluster
Start to remove pcr effects
***(Overall error rate estimated from the clustering result)***
Total number of clusters after removing PCR effects: 5846
The estimated error rate is 0.00127243
The overall running time 00:00:06 seconds.
Running bartender


Loading barcodes from the file
It takes 00:00:01 to load the barcodes from 036_R1_001.extract_barcode.txt
Shortest barcode length: 20
Longest barcode length: 20
Start to group barcode with length 20
Using two sample unpooled test
Transforming the barcodes into seed clusters
Initial number of unique reads:  18240
The distance threshold is 2
Clustering iteration 1
Clustering iteration 2
Clustering iteration 3
Clustering iteration 4
Identified 3821 barcodes with length 20
The clustering process takes 00:00:00
Start to dump clusters to file with prefix 036_R1_001.extract.cluster
Start to remove pcr effects
***(Overall error rate estimated from the clustering result)***
Total number of clusters after removing PCR effects: 3821
Could not collect enough barcodes from high quality clusters(max entropy < 0.33, cluster size >= 20 ) to estimate the error rate!
The estimated error rate might not be accurate and reliable!
The estimated error rate is 0.00126225
The overall running time 00:00:04 seconds.
Running bartender


Loading barcodes from the file
It takes 00:00:02 to load the barcodes from 147_R1_001.extract_barcode.txt
Shortest barcode length: 20
Longest barcode length: 20
Start to group barcode with length 20
Using two sample unpooled test
Transforming the barcodes into seed clusters
Initial number of unique reads:  83656
The distance threshold is 2
Clustering iteration 1
Clustering iteration 2
Clustering iteration 3
Clustering iteration 4
Identified 11007 barcodes with length 20
The clustering process takes 00:00:00
Start to dump clusters to file with prefix 147_R1_001.extract.cluster
Start to remove pcr effects
***(Overall error rate estimated from the clustering result)***
Total number of clusters after removing PCR effects: 11007
The estimated error rate is 0.0029445
The overall running time 00:00:17 seconds.
Running bartender


